2010-08-15 15:57:33 Notice: Notice (1024): Please change the value of 'Security.salt' in app/config/core.php to a salt value specific to your application in [/Users/jean/Sites/cakephp/cake/libs/debugger.php, line 684]
2010-08-15 15:57:33 Notice: Notice (1024): Please change the value of 'Security.cipherSeed' in app/config/core.php to a numeric (digits only) seed value specific to your application in [/Users/jean/Sites/cakephp/cake/libs/debugger.php, line 688]
2010-08-16 16:15:34 Notice: Notice (8): Undefined property: UsersController::$Users in [/Users/jean/Sites/cakephp/app/controllers/users_controller.php, line 8]
2010-08-16 16:17:13 Notice: Notice (8): Undefined property: UsersController::$Users in [/Users/jean/Sites/cakephp/app/controllers/users_controller.php, line 8]
2010-08-16 16:28:49 Notice: Notice (8): Undefined property: UsersController::$Users in [/Users/jean/Sites/cakephp/app/controllers/users_controller.php, line 9]
2010-08-16 18:55:19 Notice: Notice (8): Undefined property: UsersController::$Users in [/Users/jean/Sites/cakephp/app/controllers/users_controller.php, line 9]
2010-08-16 19:45:23 Notice: Notice (8): Undefined index:  Utilisateur in [/Users/jean/Sites/cakephp/app/views/users/index.ctp, line 4]
2010-08-16 19:46:02 Notice: Notice (8): Undefined variable: listedesutilisateurs in [/Users/jean/Sites/cakephp/app/views/users/index.ctp, line 3]
2010-08-16 19:46:26 Notice: Notice (8): Undefined index:  Utilisateur in [/Users/jean/Sites/cakephp/app/views/users/index.ctp, line 4]
2010-08-16 19:47:00 Notice: Notice (8): Undefined index:  login in [/Users/jean/Sites/cakephp/app/views/users/index.ctp, line 4]
2010-08-16 19:47:00 Notice: Notice (8): Undefined index:  Utilisateur in [/Users/jean/Sites/cakephp/app/views/users/index.ctp, line 4]
2010-08-16 19:48:20 Notice: Notice (8): Undefined index:  login in [/Users/jean/Sites/cakephp/app/views/users/index.ctp, line 4]
2010-08-16 19:49:27 Notice: Notice (8): Undefined index:  login in [/Users/jean/Sites/cakephp/app/views/users/index.ctp, line 4]
2010-08-16 19:50:22 Notice: Notice (8): Undefined index:  login in [/Users/jean/Sites/cakephp/app/views/users/index.ctp, line 4]
2010-08-16 19:50:22 Notice: Notice (8): Undefined index:  password in [/Users/jean/Sites/cakephp/app/views/users/index.ctp, line 4]
2010-08-16 19:51:32 Notice: Notice (8): Undefined index:  login in [/Users/jean/Sites/cakephp/app/views/users/index.ctp, line 4]
2010-08-17 23:09:06 Notice: Notice (8): Undefined index:  password in [/Users/jean/Sites/cakephp/app/models/user.php, line 8]
2010-08-17 23:50:39 Notice: Notice (8): Undefined property: UsersController::$Session in [/Users/jean/Sites/cakephp/app/controllers/users_controller.php, line 38]
2010-08-18 00:01:57 Notice: Notice (8): Undefined variable: id in [/Users/jean/Sites/cakephp/app/controllers/users_controller.php, line 55]
2010-08-18 00:38:56 Notice: Notice (8): Undefined variable: url in [/Users/jean/Sites/cakephp/cake/libs/controller/controller.php, line 979]
2010-08-18 22:14:28 Notice: Notice (8): Undefined index:  id in [/Users/jean/Sites/cakephp/app/views/users/index.ctp, line 16]
2010-08-18 22:15:45 Notice: Notice (8): Undefined index:  id in [/Users/jean/Sites/cakephp/app/views/users/index.ctp, line 17]
2010-08-18 22:15:47 Notice: Notice (8): Undefined index:  id in [/Users/jean/Sites/cakephp/app/views/users/index.ctp, line 17]
2010-08-19 11:18:27 Notice: Notice (8): Undefined variable: id in [/Users/jean/Sites/cakephp/app/controllers/users_controller.php, line 36]
2010-08-19 11:18:28 Notice: Notice (8): Undefined variable: id in [/Users/jean/Sites/cakephp/app/controllers/users_controller.php, line 36]
2010-08-19 12:39:48 Notice: Notice (8): Undefined variable: fieldList in [/Users/jean/Sites/cakephp/app/controllers/users_controller.php, line 52]
2010-08-19 14:40:41 Notice: Notice (8): Undefined index:  password in [/Users/jean/Sites/cakephp/app/controllers/users_controller.php, line 23]
2010-08-19 14:43:19 Notice: Notice (8): Object of class User to string conversion in [/Users/jean/Sites/cakephp/app/models/user.php, line 29]
2010-08-19 14:43:19 Notice: Notice (8): Undefined property: User::$Object in [/Users/jean/Sites/cakephp/app/models/user.php, line 29]
2010-08-19 14:43:19 Notice: Notice (8): Trying to get property of non-object in [/Users/jean/Sites/cakephp/app/models/user.php, line 29]
2010-08-19 14:44:19 Notice: Notice (8): Use of undefined constant password - assumed 'password' in [/Users/jean/Sites/cakephp/app/models/user.php, line 30]
2010-08-19 14:45:07 Notice: Notice (8): Use of undefined constant password - assumed 'password' in [/Users/jean/Sites/cakephp/app/models/user.php, line 30]
2010-08-19 14:45:21 Notice: Notice (8): Use of undefined constant password - assumed 'password' in [/Users/jean/Sites/cakephp/app/models/user.php, line 30]
2010-08-19 14:45:29 Notice: Notice (8): Use of undefined constant password - assumed 'password' in [/Users/jean/Sites/cakephp/app/models/user.php, line 30]
2010-08-19 14:45:59 Notice: Notice (8): Use of undefined constant password - assumed 'password' in [/Users/jean/Sites/cakephp/app/models/user.php, line 30]
2010-08-19 14:47:34 Notice: Notice (8): Use of undefined constant password - assumed 'password' in [/Users/jean/Sites/cakephp/app/models/user.php, line 30]
2010-08-19 14:47:48 Notice: Notice (8): Use of undefined constant password - assumed 'password' in [/Users/jean/Sites/cakephp/app/models/user.php, line 30]
2010-08-19 14:48:46 Notice: Notice (8): Use of undefined constant password - assumed 'password' in [/Users/jean/Sites/cakephp/app/models/user.php, line 30]
2010-08-19 14:49:15 Notice: Notice (8): Use of undefined constant password - assumed 'password' in [/Users/jean/Sites/cakephp/app/models/user.php, line 30]
2010-08-19 14:52:29 Notice: Notice (8): Use of undefined constant password - assumed 'password' in [/Users/jean/Sites/cakephp/app/models/user.php, line 30]
2010-08-19 14:55:14 Notice: Notice (8): Use of undefined constant password - assumed 'password' in [/Users/jean/Sites/cakephp/app/models/user.php, line 30]
2010-08-19 14:56:48 Notice: Notice (8): Use of undefined constant password - assumed 'password' in [/Users/jean/Sites/cakephp/app/models/user.php, line 40]
2010-08-19 16:34:05 Notice: Notice (8): Use of undefined constant password - assumed 'password' in [/Users/jean/Sites/cakephp/app/models/user.php, line 42]
2010-08-19 16:35:19 Notice: Notice (8): Undefined property: User::$User in [/Users/jean/Sites/cakephp/app/models/user.php, line 41]
2010-08-19 16:36:53 Notice: Notice (8): Use of undefined constant password - assumed 'password' in [/Users/jean/Sites/cakephp/app/models/user.php, line 42]
2010-08-19 22:39:09 Notice: Notice (8): Undefined property: UsersController::$alias in [/Users/jean/Sites/cakephp/app/controllers/users_controller.php, line 47]
2010-08-20 00:13:52 Notice: Notice (8): Undefined variable: javascript in [/Users/jean/Sites/cakephp/app/views/layouts/default.ctp, line 13]
2010-08-20 23:15:35 Notice: Notice (8): Undefined variable: form in [/Users/jean/Sites/cakephp/app/views/users/login.ctp, line 3]
2010-08-20 23:15:50 Notice: Notice (8): Undefined variable: form in [/Users/jean/Sites/cakephp/app/views/users/login.ctp, line 3]
2010-08-20 23:16:10 Notice: Notice (8): Undefined variable: form in [/Users/jean/Sites/cakephp/app/views/users/login.ctp, line 3]
2010-08-20 23:17:34 Notice: Notice (8): Undefined variable: sidebar in [/Users/jean/Sites/cakephp/app/views/users/index.ctp, line 11]
2010-08-20 23:20:13 Notice: Notice (8): Undefined variable: session in [/Users/jean/Sites/cakephp/app/views/users/index.ctp, line 9]
2010-08-20 23:20:31 Notice: Notice (8): Undefined variable: session in [/Users/jean/Sites/cakephp/app/views/users/index.ctp, line 9]
2010-08-20 23:37:09 Notice: Notice (8): Undefined variable: liensmenu in [/Users/jean/Sites/cakephp/app/views/layouts/default.ctp, line 27]
2010-08-20 23:37:09 Notice: Notice (8): Undefined variable: liensmenu in [/Users/jean/Sites/cakephp/app/views/layouts/default.ctp, line 27]
2010-08-22 23:19:10 Notice: Notice (8): Undefined variable: session in [/Users/jean/Sites/opencomp/app/controllers/users_controller.php, line 28]
2010-08-22 23:21:20 Notice: Notice (8): Undefined variable: session in [/Users/jean/Sites/opencomp/app/controllers/users_controller.php, line 28]
2010-08-22 23:23:12 Notice: Notice (8): Undefined property: UsersController::$session in [/Users/jean/Sites/opencomp/app/controllers/users_controller.php, line 28]
2010-08-22 23:33:55 Notice: Notice (8): Undefined variable: url in [/Users/jean/Sites/opencomp/cake/libs/controller/controller.php, line 979]
2010-08-22 23:34:51 Notice: Notice (8): Undefined variable: url in [/Users/jean/Sites/opencomp/cake/libs/controller/controller.php, line 979]
2010-08-22 23:46:38 Notice: Notice (8): Undefined property: AuthComponent::$Acl in [/Users/jean/Sites/opencomp/cake/libs/controller/components/auth.php, line 527]
2010-08-25 21:41:39 Notice: Notice (8): Undefined variable: content_for_layout in [/Users/jean/Sites/opencomp/app/views/elements/message_succes.ctp, line 4]
2010-08-29 22:54:44 Debug: Notice (8): Undefined property: User::$User in [C:\wamp\www\opencomp\app\models\user.php, line 51]
2010-08-29 22:55:14 Debug: Notice (8): Undefined property: User::$Session in [C:\wamp\www\opencomp\app\models\user.php, line 55]
2010-08-29 23:02:09 Debug: Notice (8): Undefined property: User::$Session in [C:\wamp\www\opencomp\app\models\user.php, line 55]
2010-10-28 19:56:03 Notice: Notice (8): Undefined variable: competences in [/opt/lampp/htdocs/opencomp/app/views/competences/index.ctp, line 6]
2010-10-28 20:20:14 Notice: Notice (8): Undefined index: Item in [/opt/lampp/htdocs/opencomp/app/views/elements/competences_index.ctp, line 9]
2010-10-28 20:29:21 Notice: Notice (8): Undefined property: CompetencesController::$Item in [/opt/lampp/htdocs/opencomp/app/controllers/competences_controller.php, line 20]
2010-10-28 20:29:21 Notice: Notice (8): Undefined index: Item in [/opt/lampp/htdocs/opencomp/app/views/elements/competences_index.ctp, line 9]
2010-10-28 20:34:05 Notice: Notice (8): Undefined variable: post in [/opt/lampp/htdocs/opencomp/app/views/elements/competences_index.ctp, line 9]
2010-10-28 20:43:12 Notice: Notice (8): Undefined property: CompetencesController::$Item in [/opt/lampp/htdocs/opencomp/app/controllers/competences_controller.php, line 20]
2010-10-28 20:48:03 Notice: Notice (8): Undefined property: CompetencesController::$Item in [/opt/lampp/htdocs/opencomp/app/controllers/competences_controller.php, line 20]
2010-10-28 21:02:53 Notice: Notice (8): Undefined variable: Item in [/opt/lampp/htdocs/opencomp/app/controllers/competences_controller.php, line 20]
2010-10-28 21:03:22 Notice: Notice (8): Undefined variable: data in [/opt/lampp/htdocs/opencomp/app/controllers/competences_controller.php, line 20]
2010-10-28 21:03:22 Notice: Notice (8): Trying to get property of non-object in [/opt/lampp/htdocs/opencomp/app/controllers/competences_controller.php, line 20]
2010-10-28 21:06:50 Notice: Notice (8): Undefined variable: data in [/opt/lampp/htdocs/opencomp/app/controllers/competences_controller.php, line 20]
2010-10-28 21:06:50 Notice: Notice (8): Trying to get property of non-object in [/opt/lampp/htdocs/opencomp/app/controllers/competences_controller.php, line 20]
2010-10-28 21:06:51 Notice: Notice (8): Undefined variable: data in [/opt/lampp/htdocs/opencomp/app/controllers/competences_controller.php, line 20]
2010-10-28 21:06:51 Notice: Notice (8): Trying to get property of non-object in [/opt/lampp/htdocs/opencomp/app/controllers/competences_controller.php, line 20]
2010-10-28 21:07:08 Notice: Notice (8): Undefined variable: items in [/opt/lampp/htdocs/opencomp/app/views/elements/competences_index.ctp, line 9]
2010-10-28 21:11:28 Notice: Notice (8): Undefined property: Competence::$Item in [/opt/lampp/htdocs/opencomp/app/controllers/competences_controller.php, line 20]
2010-10-28 21:14:19 Notice: Notice (8): Use of undefined constant intitule - assumed 'intitule' in [/opt/lampp/htdocs/opencomp/app/views/elements/competences_index.ctp, line 9]
2010-10-28 21:14:19 Notice: Notice (8): Undefined index: intitule in [/opt/lampp/htdocs/opencomp/app/views/elements/competences_index.ctp, line 9]
2010-10-28 21:14:29 Notice: Notice (8): Undefined index: intitule in [/opt/lampp/htdocs/opencomp/app/views/elements/competences_index.ctp, line 9]
2010-10-28 21:18:22 Notice: Notice (8): Undefined index: Items in [/opt/lampp/htdocs/opencomp/app/views/elements/competences_index.ctp, line 9]
2010-10-28 21:23:36 Notice: Notice (8): Undefined variable: data in [/opt/lampp/htdocs/opencomp/app/controllers/competences_controller.php, line 20]
2010-10-28 21:26:31 Notice: Notice (8): Undefined variable: items in [/opt/lampp/htdocs/opencomp/app/views/elements/competences_index.ctp, line 9]
2010-10-28 21:26:31 Notice: Notice (8): Undefined property: View::$Competence in [/opt/lampp/htdocs/opencomp/app/views/elements/competences_index.ctp, line 11]
2010-10-28 21:26:31 Notice: Notice (8): Trying to get property of non-object in [/opt/lampp/htdocs/opencomp/app/views/elements/competences_index.ctp, line 11]
2010-10-28 21:29:23 Notice: Notice (8): Undefined property: View::$Competence in [/opt/lampp/htdocs/opencomp/app/views/elements/competences_index.ctp, line 10]
2010-10-28 21:29:23 Notice: Notice (8): Trying to get property of non-object in [/opt/lampp/htdocs/opencomp/app/views/elements/competences_index.ctp, line 10]
2010-10-28 21:32:25 Notice: Notice (8): Undefined index: id in [/opt/lampp/htdocs/opencomp/app/controllers/competences_controller.php, line 20]
2010-10-28 21:38:49 Notice: Notice (8): Undefined index: Items in [/opt/lampp/htdocs/opencomp/app/views/elements/competences_index.ctp, line 9]
2010-10-28 21:38:59 Notice: Notice (8): Undefined index: Item in [/opt/lampp/htdocs/opencomp/app/views/elements/competences_index.ctp, line 9]
2010-10-28 21:39:11 Notice: Notice (8): Undefined index: items in [/opt/lampp/htdocs/opencomp/app/views/elements/competences_index.ctp, line 9]
2010-10-28 21:41:36 Notice: Notice (8): Undefined index: Items in [/opt/lampp/htdocs/opencomp/app/views/elements/competences_index.ctp, line 9]
2010-10-28 22:03:03 Notice: Notice (8): Undefined property: View::$pageTitle in [/opt/lampp/htdocs/opencomp/app/views/competences/edit.ctp, line 8]
2010-10-28 22:03:17 Notice: Notice (8): Undefined property: View::$pageTitle in [/opt/lampp/htdocs/opencomp/app/views/competences/edit.ctp, line 8]
2010-10-28 22:14:57 Notice: Notice (8): Undefined property: ItemsController::$Items in [/opt/lampp/htdocs/opencomp/app/controllers/items_controller.php, line 9]
2010-10-28 22:14:57 Notice: Notice (8): Trying to get property of non-object in [/opt/lampp/htdocs/opencomp/app/controllers/items_controller.php, line 9]
2010-10-28 22:15:07 Notice: Notice (8): Undefined property: ItemsController::$Items in [/opt/lampp/htdocs/opencomp/app/controllers/items_controller.php, line 9]
2010-10-28 22:15:07 Notice: Notice (8): Trying to get property of non-object in [/opt/lampp/htdocs/opencomp/app/controllers/items_controller.php, line 9]
2010-10-28 22:15:08 Notice: Notice (8): Undefined property: ItemsController::$Items in [/opt/lampp/htdocs/opencomp/app/controllers/items_controller.php, line 9]
2010-10-28 22:15:08 Notice: Notice (8): Trying to get property of non-object in [/opt/lampp/htdocs/opencomp/app/controllers/items_controller.php, line 9]
2010-10-28 22:15:16 Notice: Notice (8): Undefined property: Item::$Competences in [/opt/lampp/htdocs/opencomp/app/controllers/items_controller.php, line 9]
2010-10-28 22:15:17 Notice: Notice (8): Undefined property: Item::$Competences in [/opt/lampp/htdocs/opencomp/app/controllers/items_controller.php, line 9]
2010-10-28 22:31:38 Notice: Notice (8): Undefined property: ItemsController::$Competence in [/opt/lampp/htdocs/opencomp/app/controllers/items_controller.php, line 25]
