2010-08-16 16:11:41 Warning: Warning (512): Controller::paginate() - can't find model Users in controller UsersController in [/Users/jean/Sites/cakephp/cake/libs/controller/controller.php, line 1106]
2010-08-16 16:20:36 Warning: Warning (512): Controller::paginate() - can't find model Users in controller UsersController in [/Users/jean/Sites/cakephp/cake/libs/controller/controller.php, line 1106]
2010-08-16 16:21:11 Warning: Warning (512): Controller::paginate() - can't find model Users in controller UsersController in [/Users/jean/Sites/cakephp/cake/libs/controller/controller.php, line 1106]
2010-08-16 16:21:25 Warning: Warning (512): Controller::paginate() - can't find model Users in controller UsersController in [/Users/jean/Sites/cakephp/cake/libs/controller/controller.php, line 1106]
2010-08-16 19:46:02 Warning: Warning (2): Invalid argument supplied for foreach() in [/Users/jean/Sites/cakephp/app/views/users/index.ctp, line 3]
2010-08-16 19:50:43 Warning: Warning (512): <span style="color:Red;text-align:left"><b>SQL Error:</b> 1054: Unknown column 'User.login' in 'field list'</span> in [/Users/jean/Sites/cakephp/cake/libs/model/datasources/dbo_source.php, line 681]
2010-08-16 19:50:43 Warning: Warning (2): Invalid argument supplied for foreach() in [/Users/jean/Sites/cakephp/app/views/users/index.ctp, line 3]
2010-08-18 00:01:56 Warning: Warning (2): Missing argument 1 for UsersController::delete() in [/Users/jean/Sites/cakephp/app/controllers/users_controller.php, line 54]
2010-08-18 00:01:57 Warning: Warning (512): <span style="color:Red;text-align:left"><b>SQL Error:</b> 1064: You have an error in your SQL syntax; check the manual that corresponds to your MySQL server version for the right syntax to use near 'del' at line 1</span> in [/Users/jean/Sites/cakephp/cake/libs/model/datasources/dbo_source.php, line 681]
2010-08-18 00:01:57 Warning: Warning (2): Cannot modify header information - headers already sent by (output started at /Users/jean/Sites/cakephp/cake/libs/debugger.php:673) in [/Users/jean/Sites/cakephp/cake/libs/controller/controller.php, line 746]
2010-08-18 00:02:13 Warning: Warning (512): <span style="color:Red;text-align:left"><b>SQL Error:</b> 1064: You have an error in your SQL syntax; check the manual that corresponds to your MySQL server version for the right syntax to use near 'del' at line 1</span> in [/Users/jean/Sites/cakephp/cake/libs/model/datasources/dbo_source.php, line 681]
2010-08-18 00:02:13 Warning: Warning (2): Cannot modify header information - headers already sent by (output started at /Users/jean/Sites/cakephp/cake/libs/debugger.php:673) in [/Users/jean/Sites/cakephp/cake/libs/controller/controller.php, line 746]
2010-08-18 00:38:56 Warning: Warning (2): Missing argument 2 for Controller::flash(), called in /Users/jean/Sites/cakephp/app/controllers/users_controller.php on line 37 and defined in [/Users/jean/Sites/cakephp/cake/libs/controller/controller.php, line 977]
2010-08-18 00:38:56 Warning: Warning (2): Cannot modify header information - headers already sent by (output started at /Users/jean/Sites/cakephp/cake/libs/debugger.php:673) in [/Users/jean/Sites/cakephp/cake/libs/controller/controller.php, line 746]
2010-08-19 11:18:27 Warning: Warning (2): Missing argument 1 for UsersController::edit() in [/Users/jean/Sites/cakephp/app/controllers/users_controller.php, line 34]
2010-08-19 11:18:27 Warning: Warning (2): Missing argument 1 for UsersController::edit() in [/Users/jean/Sites/cakephp/app/controllers/users_controller.php, line 34]
2010-08-19 11:21:38 Warning: Warning (2): Missing argument 1 for UsersController::edit() in [/Users/jean/Sites/cakephp/app/controllers/users_controller.php, line 34]
2010-08-19 11:21:38 Warning: Warning (2): Cannot modify header information - headers already sent by (output started at /Users/jean/Sites/cakephp/cake/libs/debugger.php:673) in [/Users/jean/Sites/cakephp/cake/libs/controller/controller.php, line 746]
2010-08-19 11:21:57 Warning: Warning (2): Missing argument 1 for UsersController::edit() in [/Users/jean/Sites/cakephp/app/controllers/users_controller.php, line 34]
2010-08-19 11:21:57 Warning: Warning (2): Cannot modify header information - headers already sent by (output started at /Users/jean/Sites/cakephp/cake/libs/debugger.php:673) in [/Users/jean/Sites/cakephp/cake/libs/controller/controller.php, line 746]
2010-08-19 11:41:08 Warning: Warning (2): Illegal offset type in isset or empty in [/Users/jean/Sites/cakephp/cake/libs/model/model.php, line 2503]
2010-08-19 11:41:08 Warning: Warning (2): Cannot modify header information - headers already sent by (output started at /Users/jean/Sites/cakephp/cake/libs/debugger.php:673) in [/Users/jean/Sites/cakephp/cake/libs/controller/controller.php, line 746]
2010-08-19 12:39:48 Warning: Warning (2): Cannot modify header information - headers already sent by (output started at /Users/jean/Sites/cakephp/cake/libs/debugger.php:673) in [/Users/jean/Sites/cakephp/cake/libs/controller/controller.php, line 746]
2010-08-19 14:12:32 Warning: Warning (2): Cannot modify header information - headers already sent by (output started at /Users/jean/Sites/cakephp/cake/basics.php:110) in [/Users/jean/Sites/cakephp/cake/libs/controller/controller.php, line 746]
2010-08-19 14:13:01 Warning: Warning (2): Cannot modify header information - headers already sent by (output started at /Users/jean/Sites/cakephp/cake/basics.php:110) in [/Users/jean/Sites/cakephp/cake/libs/controller/controller.php, line 746]
2010-08-19 14:13:57 Warning: Warning (2): Cannot modify header information - headers already sent by (output started at /Users/jean/Sites/cakephp/cake/basics.php:110) in [/Users/jean/Sites/cakephp/cake/libs/controller/controller.php, line 746]
2010-08-19 14:43:19 Warning: Warning (4096): Object of class User could not be converted to string in [/Users/jean/Sites/cakephp/app/models/user.php, line 29]
2010-08-19 14:44:19 Warning: Warning (2): Cannot modify header information - headers already sent by (output started at /Users/jean/Sites/cakephp/cake/libs/debugger.php:673) in [/Users/jean/Sites/cakephp/cake/libs/controller/controller.php, line 746]
2010-08-19 14:45:07 Warning: Warning (2): Illegal offset type in [/Users/jean/Sites/cakephp/app/models/user.php, line 30]
2010-08-19 14:45:07 Warning: Warning (2): Cannot modify header information - headers already sent by (output started at /Users/jean/Sites/cakephp/cake/libs/debugger.php:673) in [/Users/jean/Sites/cakephp/cake/libs/controller/controller.php, line 746]
2010-08-19 14:45:21 Warning: Warning (2): Illegal offset type in [/Users/jean/Sites/cakephp/app/models/user.php, line 30]
2010-08-19 14:45:21 Warning: Warning (2): Cannot modify header information - headers already sent by (output started at /Users/jean/Sites/cakephp/cake/libs/debugger.php:673) in [/Users/jean/Sites/cakephp/cake/libs/controller/controller.php, line 746]
2010-08-19 14:45:29 Warning: Warning (2): Cannot modify header information - headers already sent by (output started at /Users/jean/Sites/cakephp/cake/libs/debugger.php:673) in [/Users/jean/Sites/cakephp/cake/libs/controller/controller.php, line 746]
2010-08-19 14:45:59 Warning: Warning (2): Cannot modify header information - headers already sent by (output started at /Users/jean/Sites/cakephp/cake/libs/debugger.php:673) in [/Users/jean/Sites/cakephp/cake/libs/controller/controller.php, line 746]
2010-08-19 14:47:34 Warning: Warning (2): Cannot modify header information - headers already sent by (output started at /Users/jean/Sites/cakephp/cake/libs/debugger.php:673) in [/Users/jean/Sites/cakephp/cake/libs/controller/controller.php, line 746]
2010-08-19 14:47:48 Warning: Warning (2): Cannot modify header information - headers already sent by (output started at /Users/jean/Sites/cakephp/cake/libs/debugger.php:673) in [/Users/jean/Sites/cakephp/cake/libs/controller/controller.php, line 746]
2010-08-19 14:48:46 Warning: Warning (2): Cannot modify header information - headers already sent by (output started at /Users/jean/Sites/cakephp/cake/libs/debugger.php:673) in [/Users/jean/Sites/cakephp/cake/libs/controller/controller.php, line 746]
2010-08-19 14:49:15 Warning: Warning (2): Cannot modify header information - headers already sent by (output started at /Users/jean/Sites/cakephp/cake/libs/debugger.php:673) in [/Users/jean/Sites/cakephp/cake/libs/controller/controller.php, line 746]
2010-08-19 14:52:29 Warning: Warning (2): Cannot modify header information - headers already sent by (output started at /Users/jean/Sites/cakephp/cake/libs/debugger.php:673) in [/Users/jean/Sites/cakephp/cake/libs/controller/controller.php, line 746]
2010-08-19 14:55:14 Warning: Warning (2): Cannot modify header information - headers already sent by (output started at /Users/jean/Sites/cakephp/cake/libs/debugger.php:673) in [/Users/jean/Sites/cakephp/cake/libs/controller/controller.php, line 746]
2010-08-19 14:56:48 Warning: Warning (2): Cannot modify header information - headers already sent by (output started at /Users/jean/Sites/cakephp/cake/libs/debugger.php:673) in [/Users/jean/Sites/cakephp/cake/libs/controller/controller.php, line 746]
2010-08-19 16:34:05 Warning: Warning (2): Cannot modify header information - headers already sent by (output started at /Users/jean/Sites/cakephp/cake/libs/debugger.php:673) in [/Users/jean/Sites/cakephp/cake/libs/controller/controller.php, line 746]
2010-08-19 16:36:53 Warning: Warning (2): Cannot modify header information - headers already sent by (output started at /Users/jean/Sites/cakephp/cake/libs/debugger.php:673) in [/Users/jean/Sites/cakephp/cake/libs/controller/controller.php, line 746]
2010-08-19 22:39:09 Warning: Warning (2): Cannot modify header information - headers already sent by (output started at /Users/jean/Sites/cakephp/cake/libs/debugger.php:673) in [/Users/jean/Sites/cakephp/cake/libs/controller/controller.php, line 746]
2010-08-19 22:40:24 Warning: Warning (512): <span style="color:Red;text-align:left"><b>SQL Error:</b> 1048: Column 'password' cannot be null</span> in [/Users/jean/Sites/cakephp/cake/libs/model/datasources/dbo_source.php, line 681]
2010-08-19 22:41:16 Warning: Warning (512): <span style="color:Red;text-align:left"><b>SQL Error:</b> 1048: Column 'password' cannot be null</span> in [/Users/jean/Sites/cakephp/cake/libs/model/datasources/dbo_source.php, line 681]
2010-08-19 22:41:24 Warning: Warning (512): <span style="color:Red;text-align:left"><b>SQL Error:</b> 1048: Column 'password' cannot be null</span> in [/Users/jean/Sites/cakephp/cake/libs/model/datasources/dbo_source.php, line 681]
2010-08-20 15:12:10 Warning: Warning (2): mysql_connect() [<a href='http://php.net/function.mysql-connect'>function.mysql-connect</a>]: Access denied for user 'user'@'localhost' (using password: YES) in [/Users/jean/Sites/cakephp/cake/libs/model/datasources/dbo/dbo_mysql.php, line 540]
2010-08-20 15:12:10 Warning: Warning (2): mysql_select_db(): supplied argument is not a valid MySQL-Link resource in [/Users/jean/Sites/cakephp/cake/libs/model/datasources/dbo/dbo_mysql.php, line 546]
2010-08-20 15:12:10 Warning: Warning (2): mysql_get_server_info(): supplied argument is not a valid MySQL-Link resource in [/Users/jean/Sites/cakephp/cake/libs/model/datasources/dbo/dbo_mysql.php, line 554]
2010-08-20 15:13:33 Warning: Warning (2): mysql_connect() [<a href='http://php.net/function.mysql-connect'>function.mysql-connect</a>]: Access denied for user 'user'@'localhost' (using password: YES) in [/Users/jean/Sites/cakephp/cake/libs/model/datasources/dbo/dbo_mysql.php, line 540]
2010-08-20 15:13:33 Warning: Warning (2): mysql_select_db(): supplied argument is not a valid MySQL-Link resource in [/Users/jean/Sites/cakephp/cake/libs/model/datasources/dbo/dbo_mysql.php, line 546]
2010-08-20 15:13:33 Warning: Warning (2): mysql_get_server_info(): supplied argument is not a valid MySQL-Link resource in [/Users/jean/Sites/cakephp/cake/libs/model/datasources/dbo/dbo_mysql.php, line 554]
2010-08-22 23:33:55 Warning: Warning (2): Missing argument 2 for Controller::flash(), called in /Users/jean/Sites/opencomp/app/controllers/users_controller.php on line 30 and defined in [/Users/jean/Sites/opencomp/cake/libs/controller/controller.php, line 977]
2010-08-22 23:34:51 Warning: Warning (2): Missing argument 2 for Controller::flash(), called in /Users/jean/Sites/opencomp/app/controllers/users_controller.php on line 30 and defined in [/Users/jean/Sites/opencomp/cake/libs/controller/controller.php, line 977]
2010-08-22 23:46:00 Warning: Warning (512): Auth::isAuthorized() - $authorize is set to an incorrect value.  Allowed settings are: "actions", "crud", "model" or null. in [/Users/jean/Sites/opencomp/cake/libs/controller/components/auth.php, line 572]
2010-08-22 23:46:00 Warning: Warning (2): Cannot modify header information - headers already sent by (output started at /Users/jean/Sites/opencomp/cake/libs/debugger.php:673) in [/Users/jean/Sites/opencomp/cake/libs/controller/controller.php, line 746]
2010-08-22 23:46:38 Warning: Warning (512): Could not find AclComponent. Please include Acl in Controller::$components. in [/Users/jean/Sites/opencomp/cake/libs/controller/components/auth.php, line 421]
2010-08-22 23:53:45 Warning: Warning (512): Users::isAuthorized() is not defined. in [/Users/jean/Sites/opencomp/cake/libs/controller/controller.php, line 808]
2010-08-22 23:53:45 Warning: Warning (2): Cannot modify header information - headers already sent by (output started at /Users/jean/Sites/opencomp/cake/libs/debugger.php:673) in [/Users/jean/Sites/opencomp/cake/libs/controller/controller.php, line 746]
2010-10-28 16:43:34 Warning: Warning (512): <span style="color:Red;text-align:left"><b>SQL Error:</b> 1064: You have an error in your SQL syntax; check the manual that corresponds to your MySQL server version for the right syntax to use near 'generatetreelist' at line 1</span> in [/opt/lampp/htdocs/opencomp/cake/libs/model/datasources/dbo_source.php, line 681]
2010-10-28 19:56:03 Warning: Warning (2): Invalid argument supplied for foreach() in [/opt/lampp/htdocs/opencomp/app/views/helpers/tree.php, line 154]
2010-10-28 21:08:56 Warning: Warning (512): <span style="color:Red;text-align:left"><b>SQL Error:</b> 1054: Unknown column 'Item.competence_id' in 'on clause'</span> in [/opt/lampp/htdocs/opencomp/cake/libs/model/datasources/dbo_source.php, line 681]
2010-10-28 22:27:57 Warning: Warning (512): <span style="color:Red;text-align:left"><b>SQL Error:</b> 1054: Unknown column 'Item.competence_id' in 'on clause'</span> in [/opt/lampp/htdocs/opencomp/cake/libs/model/datasources/dbo_source.php, line 681]
2010-10-28 22:28:03 Warning: Warning (512): <span style="color:Red;text-align:left"><b>SQL Error:</b> 1054: Unknown column 'Item.competence_id' in 'on clause'</span> in [/opt/lampp/htdocs/opencomp/cake/libs/model/datasources/dbo_source.php, line 681]
2010-10-28 22:33:29 Warning: Warning (512): <span style="color:Red;text-align:left"><b>SQL Error:</b> 1054: Unknown column 'Item.competence_id' in 'on clause'</span> in [/opt/lampp/htdocs/opencomp/cake/libs/model/datasources/dbo_source.php, line 681]
